<?xml version="1.0" encoding="UTF-8"?>
<!-- Generated by org.testng.reporters.JUnitReportReporter -->
<testsuite hostname="GAL000006" name="com.testclasses.FAD_Page_Testing2" tests="1" failures="0" timestamp="31 Mar 2022 08:07:42 GMT" time="609.897" errors="0">
  <testcase name="VerifyVIPProfiles" time="609.897" classname="com.testclasses.FAD_Page_Testing2"/>
</testsuite> <!-- com.testclasses.FAD_Page_Testing2 -->
