<?xml version="1.0" encoding="UTF-8"?>
<!-- Generated by org.testng.reporters.JUnitReportReporter -->
<testsuite hostname="PSL-52D3V93" failures="0" tests="2" name="com.testclasses.FAD_Verify_Testing" time="71.546" errors="0" timestamp="11 Dec 2023 05:45:35 GMT">
  <testcase classname="com.testclasses.FAD_Verify_Testing" name="generalVerificationHomePage" time="1.458"/>
  <testcase classname="com.testclasses.FAD_Verify_Testing" name="FADVerifyTest" time="70.088"/>
</testsuite> <!-- com.testclasses.FAD_Verify_Testing -->
