<?xml version="1.0" encoding="UTF-8"?>
<!-- Generated by org.testng.reporters.JUnitReportReporter -->
<testsuite hostname="PSL-52D3V93" failures="0" tests="2" name="com.testclasses.HomePageTesting" time="19.438" errors="0" timestamp="29 Nov 2023 08:57:29 GMT">
  <testcase classname="com.testclasses.HomePageTesting" name="generalVerificationHomePage" time="10.801"/>
  <testcase classname="com.testclasses.HomePageTesting" name="HomePageLoadTest" time="8.637"/>
</testsuite> <!-- com.testclasses.HomePageTesting -->
