<?xml version="1.0" encoding="UTF-8"?>
<!-- Generated by org.testng.reporters.JUnitReportReporter -->
<testsuite hostname="GOL012019" name="com.testclasses.EOS_ProfilePage_Testing" tests="1" failures="0" timestamp="14 Jul 2021 06:30:13 GMT" time="3.931" errors="0">
  <testcase name="VerifyEOSProfiles" time="3.931" classname="com.testclasses.EOS_ProfilePage_Testing"/>
</testsuite> <!-- com.testclasses.EOS_ProfilePage_Testing -->
