<?xml version="1.0" encoding="UTF-8"?>
<!-- Generated by org.testng.reporters.JUnitReportReporter -->
<testsuite hostname="PSL-52D3V93" failures="0" tests="1" name="com.testclasses.VIP_Profile_Testing" time="791.776" errors="0" timestamp="31 Oct 2023 08:44:15 GMT">
  <testcase classname="com.testclasses.VIP_Profile_Testing" name="VerifyVIPProfiles" time="791.776"/>
</testsuite> <!-- com.testclasses.VIP_Profile_Testing -->
