<?xml version="1.0" encoding="UTF-8"?>
<!-- Generated by org.testng.reporters.JUnitReportReporter -->
<testsuite hostname="PSL-52D3V93" failures="0" tests="2" name="com.testclasses.HomePageTesting" time="209.891" errors="0" timestamp="31 Oct 2023 08:07:26 GMT">
  <testcase classname="com.testclasses.HomePageTesting" name="HomePageLoadTest" time="94.659"/>
  <testcase classname="com.testclasses.HomePageTesting" name="generalVerificationHomePage" time="115.232"/>
</testsuite> <!-- com.testclasses.HomePageTesting -->
