<?xml version="1.0" encoding="UTF-8"?>
<!-- Generated by org.testng.reporters.JUnitReportReporter -->
<testsuite hostname="PSL-52D3V93" failures="0" tests="1" name="com.testclasses.HomePageTestingMB" time="20.090" errors="1" timestamp="30 Oct 2023 15:33:55 GMT">
  <testcase classname="com.testclasses.HomePageTestingMB" name="HomePageLoadTest" time="20.090">
    <error message="Expected condition failed: waiting for title to be &quot;Mount Sinai Health System - New York City | Mount Sinai - New York&quot;. Current title: &quot;&quot; (tried for 20 second(s) with 500 milliseconds interval)
Build info: version: &#039;3.14.0&#039;, revision: &#039;aacccce0&#039;, time: &#039;2018-08-02T20:19:58.91Z&#039;
System info: host: &#039;PSL-52D3V93&#039;, ip: &#039;192.168.1.9&#039;, os.name: &#039;Windows 11&#039;, os.arch: &#039;amd64&#039;, os.version: &#039;10.0&#039;, java.version: &#039;17.0.7&#039;
Driver info: org.openqa.selenium.remote.RemoteWebDriver
Capabilities {64bit: false, acceptSslCert: false, acceptSslCerts: false, appActivity: com.google.android.apps.chr..., appPackage: com.android.chrome, appium:skipServerInstallation: true, browser: chrome_android, browserName: chrome, browser_name: Chrome, browserstack.appium_version: 1.21.0, browserstack.is_hub_canary: false, capabilities: {64bit: false, acceptSslCert: false, acceptSslCerts: false, appActivity: com.google.android.apps.chr..., appPackage: com.android.chrome, appium:skipServerInstallation: true, browser: chrome_android, browserName: chrome, browser_name: Chrome, browserstack.appium_version: 1.21.0, browserstack.is_hub_canary: false, chromeOptions: {args: [--proxy-bypass-list=&lt;-loopb..., test-type, --proxy-server=http://185.2..., --disable-features=Translate], w3c: false}, databaseEnabled: false, detected_language: selenium/3.14.0 (java windows), device: Samsung Galaxy S21, deviceApiLevel: 30, deviceManufacturer: samsung, deviceModel: SM-G991B, deviceName: R5CRA1WWC1W, deviceOrientation: portrait, deviceScreenDensity: 480, deviceScreenSize: 1080x2400, deviceUDID: R5CRA1WWC1W, enablePerformanceLogging: false, environment: https://www.mountsinai.org/, javascriptEnabled: true, locationContextEnabled: false, loggingPrefs: {browser: SEVERE}, mobile: {browser: mobile, version: Samsung Galaxy S21-11.0}, networkConnectionEnabled: true, newCommandTimeout: 0, new_bucketing: true, orientation: PORTRAIT, orig_os: android, osVersion: 10.0, os_version: 10.0, pixelRatio: 3, platform: ANDROID, platformName: Android, platformVersion: 11, realMobile: true, real_mobile: true, sessionId: 54eaf21e8207182428bf258d59b..., skipServerInstallation: true, statBarHeight: 79, systemPort: 8204, takesScreenshot: true, udid: R5CRA1WWC1W, version: , viewportRect: {height: 2097, left: 0, top: 79, width: 1080}, warnings: {}, webStorageEnabled: false}, chromeOptions: {args: [--proxy-bypass-list=&lt;-loopb..., test-type, --proxy-server=http://185.2..., --disable-features=Translate], w3c: false}, databaseEnabled: false, detected_language: selenium/3.14.0 (java windows), device: Samsung Galaxy S21, deviceApiLevel: 30, deviceManufacturer: samsung, deviceModel: SM-G991B, deviceName: R5CRA1WWC1W, deviceOrientation: portrait, deviceScreenDensity: 480, deviceScreenSize: 1080x2400, deviceUDID: R5CRA1WWC1W, enablePerformanceLogging: false, environment: https://www.mountsinai.org/, javascriptEnabled: true, locationContextEnabled: false, loggingPrefs: org.openqa.selenium.logging..., mobile: {browser: mobile, version: Samsung Galaxy S21-11.0}, networkConnectionEnabled: true, newCommandTimeout: 0, new_bucketing: true, orientation: PORTRAIT, orig_os: android, osVersion: 10.0, os_version: 10.0, pixelRatio: 3, platform: ANDROID, platformName: ANDROID, platformVersion: 11, realMobile: true, real_mobile: true, sessionId: 54eaf21e8207182428bf258d59b..., skipServerInstallation: true, statBarHeight: 79, systemPort: 8204, takesScreenshot: true, udid: R5CRA1WWC1W, version: , viewportRect: {height: 2097, left: 0, top: 79, width: 1080}, warnings: {}, webStorageEnabled: false}
Session ID: 54eaf21e8207182428bf258d59b3f7fc176c80af" type="org.openqa.selenium.TimeoutException">
      <![CDATA[org.openqa.selenium.TimeoutException: Expected condition failed: waiting for title to be "Mount Sinai Health System - New York City | Mount Sinai - New York". Current title: "" (tried for 20 second(s) with 500 milliseconds interval)
Build info: version: '3.14.0', revision: 'aacccce0', time: '2018-08-02T20:19:58.91Z'
System info: host: 'PSL-52D3V93', ip: '192.168.1.9', os.name: 'Windows 11', os.arch: 'amd64', os.version: '10.0', java.version: '17.0.7'
Driver info: org.openqa.selenium.remote.RemoteWebDriver
Capabilities {64bit: false, acceptSslCert: false, acceptSslCerts: false, appActivity: com.google.android.apps.chr..., appPackage: com.android.chrome, appium:skipServerInstallation: true, browser: chrome_android, browserName: chrome, browser_name: Chrome, browserstack.appium_version: 1.21.0, browserstack.is_hub_canary: false, capabilities: {64bit: false, acceptSslCert: false, acceptSslCerts: false, appActivity: com.google.android.apps.chr..., appPackage: com.android.chrome, appium:skipServerInstallation: true, browser: chrome_android, browserName: chrome, browser_name: Chrome, browserstack.appium_version: 1.21.0, browserstack.is_hub_canary: false, chromeOptions: {args: [--proxy-bypass-list=<-loopb..., test-type, --proxy-server=http://185.2..., --disable-features=Translate], w3c: false}, databaseEnabled: false, detected_language: selenium/3.14.0 (java windows), device: Samsung Galaxy S21, deviceApiLevel: 30, deviceManufacturer: samsung, deviceModel: SM-G991B, deviceName: R5CRA1WWC1W, deviceOrientation: portrait, deviceScreenDensity: 480, deviceScreenSize: 1080x2400, deviceUDID: R5CRA1WWC1W, enablePerformanceLogging: false, environment: https://www.mountsinai.org/, javascriptEnabled: true, locationContextEnabled: false, loggingPrefs: {browser: SEVERE}, mobile: {browser: mobile, version: Samsung Galaxy S21-11.0}, networkConnectionEnabled: true, newCommandTimeout: 0, new_bucketing: true, orientation: PORTRAIT, orig_os: android, osVersion: 10.0, os_version: 10.0, pixelRatio: 3, platform: ANDROID, platformName: Android, platformVersion: 11, realMobile: true, real_mobile: true, sessionId: 54eaf21e8207182428bf258d59b..., skipServerInstallation: true, statBarHeight: 79, systemPort: 8204, takesScreenshot: true, udid: R5CRA1WWC1W, version: , viewportRect: {height: 2097, left: 0, top: 79, width: 1080}, warnings: {}, webStorageEnabled: false}, chromeOptions: {args: [--proxy-bypass-list=<-loopb..., test-type, --proxy-server=http://185.2..., --disable-features=Translate], w3c: false}, databaseEnabled: false, detected_language: selenium/3.14.0 (java windows), device: Samsung Galaxy S21, deviceApiLevel: 30, deviceManufacturer: samsung, deviceModel: SM-G991B, deviceName: R5CRA1WWC1W, deviceOrientation: portrait, deviceScreenDensity: 480, deviceScreenSize: 1080x2400, deviceUDID: R5CRA1WWC1W, enablePerformanceLogging: false, environment: https://www.mountsinai.org/, javascriptEnabled: true, locationContextEnabled: false, loggingPrefs: org.openqa.selenium.logging..., mobile: {browser: mobile, version: Samsung Galaxy S21-11.0}, networkConnectionEnabled: true, newCommandTimeout: 0, new_bucketing: true, orientation: PORTRAIT, orig_os: android, osVersion: 10.0, os_version: 10.0, pixelRatio: 3, platform: ANDROID, platformName: ANDROID, platformVersion: 11, realMobile: true, real_mobile: true, sessionId: 54eaf21e8207182428bf258d59b..., skipServerInstallation: true, statBarHeight: 79, systemPort: 8204, takesScreenshot: true, udid: R5CRA1WWC1W, version: , viewportRect: {height: 2097, left: 0, top: 79, width: 1080}, warnings: {}, webStorageEnabled: false}
Session ID: 54eaf21e8207182428bf258d59b3f7fc176c80af
	at org.openqa.selenium.support.ui.WebDriverWait.timeoutException(WebDriverWait.java:113)
	at org.openqa.selenium.support.ui.FluentWait.until(FluentWait.java:283)
	at com.utils.CommonUtils.waitForPageTitle(CommonUtils.java:670)
	at com.pageobjects.HomePage.verifyPageTitle(HomePage.java:40)
	at com.testclasses.HomePageTestingMB.HomePageLoadTest(HomePageTestingMB.java:25)
	at java.base/jdk.internal.reflect.NativeMethodAccessorImpl.invoke0(Native Method)
	at java.base/jdk.internal.reflect.NativeMethodAccessorImpl.invoke(NativeMethodAccessorImpl.java:77)
	at java.base/jdk.internal.reflect.DelegatingMethodAccessorImpl.invoke(DelegatingMethodAccessorImpl.java:43)
	at java.base/java.lang.reflect.Method.invoke(Method.java:568)
	at org.testng.internal.MethodInvocationHelper.invokeMethod(MethodInvocationHelper.java:86)
	at org.testng.internal.Invoker.invokeMethod(Invoker.java:643)
	at org.testng.internal.Invoker.invokeTestMethod(Invoker.java:820)
	at org.testng.internal.Invoker.invokeTestMethods(Invoker.java:1128)
	at org.testng.internal.TestMethodWorker.invokeTestMethods(TestMethodWorker.java:129)
	at org.testng.internal.TestMethodWorker.run(TestMethodWorker.java:112)
	at org.testng.TestRunner.privateRun(TestRunner.java:782)
	at org.testng.TestRunner.run(TestRunner.java:632)
	at org.testng.SuiteRunner.runTest(SuiteRunner.java:366)
	at org.testng.SuiteRunner.runSequentially(SuiteRunner.java:361)
	at org.testng.SuiteRunner.privateRun(SuiteRunner.java:319)
	at org.testng.SuiteRunner.run(SuiteRunner.java:268)
	at org.testng.SuiteRunnerWorker.runSuite(SuiteRunnerWorker.java:52)
	at org.testng.SuiteRunnerWorker.run(SuiteRunnerWorker.java:86)
	at org.testng.TestNG.runSuitesSequentially(TestNG.java:1244)
	at org.testng.TestNG.runSuitesLocally(TestNG.java:1169)
	at org.testng.TestNG.run(TestNG.java:1064)
	at org.testng.remote.AbstractRemoteTestNG.run(AbstractRemoteTestNG.java:115)
	at org.testng.remote.RemoteTestNG.initAndRun(RemoteTestNG.java:251)
	at org.testng.remote.RemoteTestNG.main(RemoteTestNG.java:77)
]]>
    </error>
  </testcase> <!-- HomePageLoadTest -->
</testsuite> <!-- com.testclasses.HomePageTestingMB -->
