<?xml version="1.0" encoding="UTF-8"?>
<!-- Generated by org.testng.reporters.JUnitReportReporter -->
<testsuite hostname="GAL000006" name="com.testclasses.FAD_Page_Testing_Direct_Url" tests="1" failures="0" timestamp="1 Apr 2022 04:08:06 GMT" time="201.520" errors="0">
  <testcase name="VerifyVIPProfiles" time="201.520" classname="com.testclasses.FAD_Page_Testing_Direct_Url"/>
</testsuite> <!-- com.testclasses.FAD_Page_Testing_Direct_Url -->
