<?xml version="1.0" encoding="UTF-8"?>
<!-- Generated by org.testng.reporters.JUnitReportReporter -->
<testsuite hostname="PSL-52D3V93" failures="0" tests="1" name="com.testclasses.VIP_Profile_Testing" time="83.808" errors="0" timestamp="7 Dec 2023 10:31:07 GMT">
  <testcase classname="com.testclasses.VIP_Profile_Testing" name="VerifyVIPProfiles" time="83.808"/>
</testsuite> <!-- com.testclasses.VIP_Profile_Testing -->
